\BOOKMARK [1][-]{section.2}{Introduction}{}% 1
\BOOKMARK [2][-]{subsection.3}{From Batches to Streams}{section.2}% 2
\BOOKMARK [2][-]{subsection.4}{Designing Stream Processes}{section.2}% 3
\BOOKMARK [1][-]{section.11}{Problem and Related Work}{}% 4
\BOOKMARK [2][-]{subsection.12}{Processing Masses of Data}{section.11}% 5
\BOOKMARK [2][-]{subsection.13}{The Problem of Continuous Data}{section.11}% 6
\BOOKMARK [1][-]{section.15}{An Abstract Stream Processing Model}{}% 7
\BOOKMARK [2][-]{subsection.19}{Data Representation and Streams}{section.15}% 8
\BOOKMARK [2][-]{subsection.25}{Processes and Processors}{section.15}% 9
\BOOKMARK [2][-]{subsection.32}{Data Flow and Control Flow}{section.15}% 10
\BOOKMARK [1][-]{section.36}{Designing Stream Processes}{}% 11
\BOOKMARK [2][-]{subsection.37}{Layout of a Process Environment}{section.36}% 12
\BOOKMARK [3][-]{subsubsection.52}{Defining a Stream Source}{subsection.37}% 13
\BOOKMARK [3][-]{subsubsection.53}{A Stream Process}{subsection.37}% 14
\BOOKMARK [3][-]{subsubsection.55}{Processing Data Items}{subsection.37}% 15
\BOOKMARK [1][-]{section.64}{Example Applications}{}% 16
\BOOKMARK [2][-]{subsection.65}{FACT Data Analysis}{section.64}% 17
\BOOKMARK [3][-]{subsubsection.71}{Reading FACT Data}{subsection.65}% 18
\BOOKMARK [3][-]{subsubsection.85}{Processors for FACT Data}{subsection.65}% 19
\BOOKMARK [1][-]{appendix.88}{The streams Core Classes}{}% 20
\BOOKMARK [2][-]{subsection.89}{Data Streams}{appendix.88}% 21
\BOOKMARK [2][-]{subsection.90}{Data Processors}{appendix.88}% 22
\BOOKMARK [3][-]{subsubsection.91}{Processors in stream.flow}{subsection.90}% 23
\BOOKMARK [3][-]{subsubsection.92}{Processors in stream.data}{subsection.90}% 24
\BOOKMARK [3][-]{subsubsection.93}{Processors in stream.parser}{subsection.90}% 25
\BOOKMARK [1][-]{appendix.94}{The streams Runtime}{}% 26
\BOOKMARK [2][-]{subsection.95}{Installing the streams Runtime on Debian/RedHat}{appendix.94}% 27
\BOOKMARK [3][-]{subsubsection.96}{Signatures for Packages}{subsection.95}% 28
\BOOKMARK [3][-]{subsubsection.97}{Installing on Debian/Ubuntu}{subsection.95}% 29
\BOOKMARK [3][-]{subsubsection.99}{Installing on RedHat/CentOS/Fedora}{subsection.95}% 30
